<?xml version="1.0" encoding="UTF-8"?>
<!-- Generated by org.testng.reporters.JUnitXMLReporter -->
<testsuite ignored="22" hostname="Potatos-Mac" failures="0" tests="39" name="Regresion test for 1.5.35" time="303.751" errors="0" timestamp="2020-04-08T12:37:15 WIB">
  <testcase classname="TestCases.AuthenticationUserSignIn" name="A_001_LoginwithValidCredential" time="2.56"/>
  <testcase classname="TestCases.AuthenticationUserSignIn" name="A_002_LoginwithInvalidEmail" time="4.505"/>
  <testcase classname="TestCases.AuthenticationUserSignIn" name="A_003_LoginwithInvalidPassword" time="2.365"/>
  <testcase classname="TestCases.AppPages" name="login" time="5.435"/>
  <testcase classname="TestCases.AppPages" name="B_001_displayOfListPage" time="2.184"/>
  <testcase classname="TestCases.AppPages" name="B_002_CreateNewKeyPage" time="23.597"/>
  <testcase classname="TestCases.AppPages" name="B_004_editAppPage" time="32.135"/>
  <testcase classname="TestCases.AppPages" name="B_005_deleteAppPage" time="14.51"/>
  <testcase classname="TestCases.Playlist" name="login" time="5.495"/>
  <testcase classname="TestCases.Playlist" name="C_001_DisplayofPlaylistList" time="4.183"/>
  <testcase classname="TestCases.Playlist" name="C_002_CreateNewSeriesPlaylist" time="4.903"/>
  <testcase classname="TestCases.Playlist" name="C_003_EditSeriesPlaylist" time="5.184"/>
  <testcase classname="TestCases.Playlist" name="C_004_DeleteSeriesPlaylist" time="7.379"/>
  <testcase classname="TestCases.Playlist" name="C_005_CreateNewMoviesPlaylist" time="5.731"/>
  <testcase classname="TestCases.Playlist" name="C_006_EditMoviesPlaylist" time="5.736"/>
  <testcase classname="TestCases.Playlist" name="C_007_DeleteMoviesPlaylist" time="7.015"/>
  <testcase classname="TestCases.Series" name="login" time="5.59"/>
  <testcase classname="TestCases.Series" name="D_001_DisplayofPlaylistList" time="2.275"/>
  <testcase classname="TestCases.Series" name="D_002_CreateNewSeries" time="4.635"/>
  <testcase classname="TestCases.Series" name="D_003_EditSeries" time="6.576"/>
  <testcase classname="TestCases.Series" name="D_004_DeleteSeries" time="6.957"/>
  <testcase classname="TestCases.Cinemas" name="login" time="5.442"/>
  <testcase classname="TestCases.Cinemas" name="F_001_CheckCinemaList" time="2.233"/>
  <testcase classname="TestCases.Cinemas" name="F_002_CreateNewCinemas" time="10.767"/>
  <testcase classname="TestCases.Cinemas" name="F_003_EditCinemas" time="11.492"/>
  <testcase classname="TestCases.Cinemas" name="F_004_DeleteCinemas" time="8.04"/>
  <testcase classname="TestCases.AppConfiguration" name="login" time="5.414"/>
  <testcase classname="TestCases.AppConfiguration" name="G_001_DisplayofPlaylistList" time="2.75"/>
  <testcase classname="TestCases.AppConfiguration" name="G_002_CreateNewAppConfiguration" time="4.933"/>
  <testcase classname="TestCases.AppConfiguration" name="G_002_EditppConfiguration" time="3.888"/>
  <testcase classname="TestCases.AppConfiguration" name="G_003_DeleteAppConfiguration" time="4.178"/>
  <testcase classname="TestCases.Customer" name="login" time="5.41"/>
  <testcase classname="TestCases.Customer" name="H_001_CheckPageList" time="2.235"/>
  <testcase classname="TestCases.Customer" name="H_003_EditCustomer" time="9.834"/>
  <testcase classname="TestCases.Package" name="login" time="5.433"/>
  <testcase classname="TestCases.Package" name="I_001_DisplayofPackageList" time="2.15"/>
  <testcase classname="TestCases.Package" name="I_002_CreateNewPackage" time="16.812"/>
  <testcase classname="TestCases.Package" name="I_003_SelectPackageFromList" time="4.277"/>
  <testcase classname="TestCases.Package" name="I_004_EditPackage" time="4.828"/>
  <testcase classname="TestCases.Events" name="login" time="0.0">
    <ignored/>
  </testcase> <!-- login -->
  <testcase classname="TestCases.Customer" name="H_002_CreateNewCustomer" time="0.0">
    <ignored/>
  </testcase> <!-- H_002_CreateNewCustomer -->
  <testcase classname="bases.BaseWeb" name="@BeforeSuite settupTestingData" time="0.0">
    <ignored/>
  </testcase> <!-- @BeforeSuite settupTestingData -->
  <testcase classname="bases.BaseWeb" name="@BeforeSuite settupTestingData" time="0.0">
    <ignored/>
  </testcase> <!-- @BeforeSuite settupTestingData -->
  <testcase classname="bases.BaseWeb" name="@BeforeSuite settupTestingData" time="0.0">
    <ignored/>
  </testcase> <!-- @BeforeSuite settupTestingData -->
  <testcase classname="bases.BaseWeb" name="@BeforeSuite settupTestingData" time="0.0">
    <ignored/>
  </testcase> <!-- @BeforeSuite settupTestingData -->
  <testcase classname="bases.BaseWeb" name="@BeforeSuite settupTestingData" time="0.0">
    <ignored/>
  </testcase> <!-- @BeforeSuite settupTestingData -->
  <testcase classname="bases.BaseWeb" name="@BeforeSuite settupTestingData" time="0.0">
    <ignored/>
  </testcase> <!-- @BeforeSuite settupTestingData -->
  <testcase classname="bases.BaseWeb" name="@BeforeSuite settupTestingData" time="0.0">
    <ignored/>
  </testcase> <!-- @BeforeSuite settupTestingData -->
  <testcase classname="bases.BaseWeb" name="@BeforeSuite settupTestingData" time="0.0">
    <ignored/>
  </testcase> <!-- @BeforeSuite settupTestingData -->
  <testcase classname="TestCases.Events" name="E_002_CreateNew" time="0.0">
    <ignored/>
  </testcase> <!-- E_002_CreateNew -->
  <testcase classname="TestCases.Events" name="E_003_EditEvent" time="0.0">
    <ignored/>
  </testcase> <!-- E_003_EditEvent -->
  <testcase classname="TestCases.Events" name="E_004_DeleteEvent" time="0.0">
    <ignored/>
  </testcase> <!-- E_004_DeleteEvent -->
  <testcase classname="bases.BaseWeb" name="@BeforeSuite deleteScreenShot" time="0.0">
    <ignored/>
  </testcase> <!-- @BeforeSuite deleteScreenShot -->
  <testcase classname="bases.BaseWeb" name="@BeforeSuite deleteScreenShot" time="0.0">
    <ignored/>
  </testcase> <!-- @BeforeSuite deleteScreenShot -->
  <testcase classname="bases.BaseWeb" name="@BeforeSuite deleteScreenShot" time="0.0">
    <ignored/>
  </testcase> <!-- @BeforeSuite deleteScreenShot -->
  <testcase classname="bases.BaseWeb" name="@BeforeSuite deleteScreenShot" time="0.0">
    <ignored/>
  </testcase> <!-- @BeforeSuite deleteScreenShot -->
  <testcase classname="bases.BaseWeb" name="@BeforeSuite deleteScreenShot" time="0.0">
    <ignored/>
  </testcase> <!-- @BeforeSuite deleteScreenShot -->
  <testcase classname="bases.BaseWeb" name="@BeforeSuite deleteScreenShot" time="0.0">
    <ignored/>
  </testcase> <!-- @BeforeSuite deleteScreenShot -->
  <testcase classname="bases.BaseWeb" name="@BeforeSuite deleteScreenShot" time="0.0">
    <ignored/>
  </testcase> <!-- @BeforeSuite deleteScreenShot -->
  <testcase classname="bases.BaseWeb" name="@BeforeSuite deleteScreenShot" time="0.0">
    <ignored/>
  </testcase> <!-- @BeforeSuite deleteScreenShot -->
  <testcase classname="TestCases.Events" name="E_001_CheckEventList" time="0.0">
    <ignored/>
  </testcase> <!-- E_001_CheckEventList -->
</testsuite> <!-- Regresion test for 1.5.35 -->
