<?xml version="1.0" encoding="UTF-8"?>
<!-- Generated by org.testng.reporters.JUnitXMLReporter -->
<testsuite ignored="59" hostname="Potatos-Mac" failures="0" tests="2" name="Regresion test for 1.5.35" time="15.185" errors="0" timestamp="2020-04-06T13:40:54 WIB">
  <testcase classname="TestCases.Package" name="login" time="5.842"/>
  <testcase classname="TestCases.Package" name="I_003_SelectPackageFromList" time="4.663"/>
  <testcase classname="TestCases.Series" name="D_002_CreateNewSeries" time="0.0">
    <ignored/>
  </testcase> <!-- D_002_CreateNewSeries -->
  <testcase classname="TestCases.Series" name="login" time="0.0">
    <ignored/>
  </testcase> <!-- login -->
  <testcase classname="TestCases.Package" name="I_004_EditPackage" time="0.0">
    <ignored/>
  </testcase> <!-- I_004_EditPackage -->
  <testcase classname="TestCases.Playlist" name="C_007_DeleteMoviesPlaylist" time="0.0">
    <ignored/>
  </testcase> <!-- C_007_DeleteMoviesPlaylist -->
  <testcase classname="TestCases.Cinemas" name="F_001_CheckCinemaList" time="0.0">
    <ignored/>
  </testcase> <!-- F_001_CheckCinemaList -->
  <testcase classname="TestCases.Playlist" name="C_004_DeleteSeriesPlaylist" time="0.0">
    <ignored/>
  </testcase> <!-- C_004_DeleteSeriesPlaylist -->
  <testcase classname="TestCases.Events" name="E_002_CreateNew" time="0.0">
    <ignored/>
  </testcase> <!-- E_002_CreateNew -->
  <testcase classname="TestCases.AppPages" name="B_004_editAppPage" time="0.0">
    <ignored/>
  </testcase> <!-- B_004_editAppPage -->
  <testcase classname="TestCases.Events" name="E_004_DeleteEvent" time="0.0">
    <ignored/>
  </testcase> <!-- E_004_DeleteEvent -->
  <testcase classname="TestCases.Package" name="I_002_CreateNewPackage" time="0.0">
    <ignored/>
  </testcase> <!-- I_002_CreateNewPackage -->
  <testcase classname="bases.BaseWeb" name="@BeforeSuite deleteScreenShot" time="0.0">
    <ignored/>
  </testcase> <!-- @BeforeSuite deleteScreenShot -->
  <testcase classname="bases.BaseWeb" name="@BeforeSuite deleteScreenShot" time="0.0">
    <ignored/>
  </testcase> <!-- @BeforeSuite deleteScreenShot -->
  <testcase classname="bases.BaseWeb" name="@BeforeSuite deleteScreenShot" time="0.0">
    <ignored/>
  </testcase> <!-- @BeforeSuite deleteScreenShot -->
  <testcase classname="bases.BaseWeb" name="@BeforeSuite deleteScreenShot" time="0.0">
    <ignored/>
  </testcase> <!-- @BeforeSuite deleteScreenShot -->
  <testcase classname="bases.BaseWeb" name="@BeforeSuite deleteScreenShot" time="0.0">
    <ignored/>
  </testcase> <!-- @BeforeSuite deleteScreenShot -->
  <testcase classname="bases.BaseWeb" name="@BeforeSuite deleteScreenShot" time="0.0">
    <ignored/>
  </testcase> <!-- @BeforeSuite deleteScreenShot -->
  <testcase classname="bases.BaseWeb" name="@BeforeSuite deleteScreenShot" time="0.0">
    <ignored/>
  </testcase> <!-- @BeforeSuite deleteScreenShot -->
  <testcase classname="bases.BaseWeb" name="@BeforeSuite deleteScreenShot" time="0.0">
    <ignored/>
  </testcase> <!-- @BeforeSuite deleteScreenShot -->
  <testcase classname="TestCases.AppPages" name="login" time="0.0">
    <ignored/>
  </testcase> <!-- login -->
  <testcase classname="TestCases.Package" name="I_001_DisplayofPackageList" time="0.0">
    <ignored/>
  </testcase> <!-- I_001_DisplayofPackageList -->
  <testcase classname="TestCases.Customer" name="H_002_CreateNewCustomer" time="0.0">
    <ignored/>
  </testcase> <!-- H_002_CreateNewCustomer -->
  <testcase classname="TestCases.AppConfiguration" name="G_002_EditppConfiguration" time="0.0">
    <ignored/>
  </testcase> <!-- G_002_EditppConfiguration -->
  <testcase classname="TestCases.AppPages" name="B_001_displayOfListPage" time="0.0">
    <ignored/>
  </testcase> <!-- B_001_displayOfListPage -->
  <testcase classname="TestCases.Events" name="E_003_EditEvent" time="0.0">
    <ignored/>
  </testcase> <!-- E_003_EditEvent -->
  <testcase classname="TestCases.Events" name="E_001_CheckEventList" time="0.0">
    <ignored/>
  </testcase> <!-- E_001_CheckEventList -->
  <testcase classname="TestCases.AppConfiguration" name="G_003_DeleteAppConfiguration" time="0.0">
    <ignored/>
  </testcase> <!-- G_003_DeleteAppConfiguration -->
  <testcase classname="TestCases.Playlist" name="login" time="0.0">
    <ignored/>
  </testcase> <!-- login -->
  <testcase classname="TestCases.Series" name="D_004_DeleteSeries" time="0.0">
    <ignored/>
  </testcase> <!-- D_004_DeleteSeries -->
  <testcase classname="TestCases.Cinemas" name="login" time="0.0">
    <ignored/>
  </testcase> <!-- login -->
  <testcase classname="TestCases.Customer" name="login" time="0.0">
    <ignored/>
  </testcase> <!-- login -->
  <testcase classname="TestCases.AppConfiguration" name="login" time="0.0">
    <ignored/>
  </testcase> <!-- login -->
  <testcase classname="bases.BaseWeb" name="@BeforeSuite settupTestingData" time="0.0">
    <ignored/>
  </testcase> <!-- @BeforeSuite settupTestingData -->
  <testcase classname="bases.BaseWeb" name="@BeforeSuite settupTestingData" time="0.0">
    <ignored/>
  </testcase> <!-- @BeforeSuite settupTestingData -->
  <testcase classname="bases.BaseWeb" name="@BeforeSuite settupTestingData" time="0.0">
    <ignored/>
  </testcase> <!-- @BeforeSuite settupTestingData -->
  <testcase classname="bases.BaseWeb" name="@BeforeSuite settupTestingData" time="0.0">
    <ignored/>
  </testcase> <!-- @BeforeSuite settupTestingData -->
  <testcase classname="bases.BaseWeb" name="@BeforeSuite settupTestingData" time="0.0">
    <ignored/>
  </testcase> <!-- @BeforeSuite settupTestingData -->
  <testcase classname="bases.BaseWeb" name="@BeforeSuite settupTestingData" time="0.0">
    <ignored/>
  </testcase> <!-- @BeforeSuite settupTestingData -->
  <testcase classname="bases.BaseWeb" name="@BeforeSuite settupTestingData" time="0.0">
    <ignored/>
  </testcase> <!-- @BeforeSuite settupTestingData -->
  <testcase classname="bases.BaseWeb" name="@BeforeSuite settupTestingData" time="0.0">
    <ignored/>
  </testcase> <!-- @BeforeSuite settupTestingData -->
  <testcase classname="TestCases.Customer" name="H_001_CheckPageList" time="0.0">
    <ignored/>
  </testcase> <!-- H_001_CheckPageList -->
  <testcase classname="TestCases.Cinemas" name="F_002_CreateNewCinemas" time="0.0">
    <ignored/>
  </testcase> <!-- F_002_CreateNewCinemas -->
  <testcase classname="TestCases.AuthenticationUserSignIn" name="A_002_LoginwithInvalidEmail" time="0.0">
    <ignored/>
  </testcase> <!-- A_002_LoginwithInvalidEmail -->
  <testcase classname="TestCases.AppConfiguration" name="G_002_CreateNewAppConfiguration" time="0.0">
    <ignored/>
  </testcase> <!-- G_002_CreateNewAppConfiguration -->
  <testcase classname="TestCases.Series" name="D_001_DisplayofPlaylistList" time="0.0">
    <ignored/>
  </testcase> <!-- D_001_DisplayofPlaylistList -->
  <testcase classname="TestCases.AuthenticationUserSignIn" name="A_001_LoginwithValidCredential" time="0.0">
    <ignored/>
  </testcase> <!-- A_001_LoginwithValidCredential -->
  <testcase classname="TestCases.Series" name="D_003_EditSeries" time="0.0">
    <ignored/>
  </testcase> <!-- D_003_EditSeries -->
  <testcase classname="TestCases.Playlist" name="C_005_CreateNewMoviesPlaylist" time="0.0">
    <ignored/>
  </testcase> <!-- C_005_CreateNewMoviesPlaylist -->
  <testcase classname="TestCases.Playlist" name="C_002_CreateNewSeriesPlaylist" time="0.0">
    <ignored/>
  </testcase> <!-- C_002_CreateNewSeriesPlaylist -->
  <testcase classname="TestCases.Playlist" name="C_003_EditSeriesPlaylist" time="0.0">
    <ignored/>
  </testcase> <!-- C_003_EditSeriesPlaylist -->
  <testcase classname="TestCases.AuthenticationUserSignIn" name="A_003_LoginwithInvalidPassword" time="0.0">
    <ignored/>
  </testcase> <!-- A_003_LoginwithInvalidPassword -->
  <testcase classname="TestCases.Events" name="login" time="0.0">
    <ignored/>
  </testcase> <!-- login -->
  <testcase classname="TestCases.Cinemas" name="F_003_EditCinemas" time="0.0">
    <ignored/>
  </testcase> <!-- F_003_EditCinemas -->
  <testcase classname="TestCases.Cinemas" name="F_004_DeleteCinemas" time="0.0">
    <ignored/>
  </testcase> <!-- F_004_DeleteCinemas -->
  <testcase classname="TestCases.AppConfiguration" name="G_001_DisplayofPlaylistList" time="0.0">
    <ignored/>
  </testcase> <!-- G_001_DisplayofPlaylistList -->
  <testcase classname="TestCases.Customer" name="H_003_EditCustomer" time="0.0">
    <ignored/>
  </testcase> <!-- H_003_EditCustomer -->
  <testcase classname="TestCases.AppPages" name="B_005_deleteAppPage" time="0.0">
    <ignored/>
  </testcase> <!-- B_005_deleteAppPage -->
  <testcase classname="TestCases.Playlist" name="C_001_DisplayofPlaylistList" time="0.0">
    <ignored/>
  </testcase> <!-- C_001_DisplayofPlaylistList -->
  <testcase classname="TestCases.Playlist" name="C_006_EditMoviesPlaylist" time="0.0">
    <ignored/>
  </testcase> <!-- C_006_EditMoviesPlaylist -->
  <testcase classname="TestCases.AppPages" name="B_002_CreateNewKeyPage" time="0.0">
    <ignored/>
  </testcase> <!-- B_002_CreateNewKeyPage -->
</testsuite> <!-- Regresion test for 1.5.35 -->
