<?xml version="1.0" encoding="UTF-8"?>
<!-- Generated by org.testng.reporters.JUnitXMLReporter -->
<testsuite ignored="0" hostname="Potatos-Mac" failures="0" tests="8" name="Default test" time="0.127" errors="0" timestamp="2020-04-13T16:33:57 WIB">
  <testcase classname="bases.BaseWeb" name="@BeforeClass setBaseConfig" time="-1.586770435712E9">
    <failure type="org.testng.TestNGException" message="
Parameter &amp;apos;browser&amp;apos; is required by BeforeClass on method setBaseConfig but has not been marked @Optional or defined
in /private/var/folders/pz/vbvlmv8j3s19l6_0lxckfr_r0000gp/T/testng-eclipse-1898354536/testng-customsuite.xml">
      <![CDATA[org.testng.TestNGException: 
Parameter 'browser' is required by BeforeClass on method setBaseConfig but has not been marked @Optional or defined
in /private/var/folders/pz/vbvlmv8j3s19l6_0lxckfr_r0000gp/T/testng-eclipse-1898354536/testng-customsuite.xml
at org.testng.internal.Parameters.createParams(Parameters.java:289)
at org.testng.internal.Parameters.createParametersForMethod(Parameters.java:377)
at org.testng.internal.Parameters.createParameters(Parameters.java:721)
at org.testng.internal.Parameters.createConfigurationParameters(Parameters.java:164)
at org.testng.internal.ConfigInvoker.invokeConfigurations(ConfigInvoker.java:275)
at org.testng.internal.TestMethodWorker.invokeBeforeClassMethods(TestMethodWorker.java:176)
at org.testng.internal.TestMethodWorker.run(TestMethodWorker.java:122)
at java.base/java.util.ArrayList.forEach(ArrayList.java:1380)
at org.testng.TestRunner.privateRun(TestRunner.java:770)
at org.testng.TestRunner.run(TestRunner.java:591)
at org.testng.SuiteRunner.runTest(SuiteRunner.java:402)
at org.testng.SuiteRunner.runSequentially(SuiteRunner.java:396)
at org.testng.SuiteRunner.privateRun(SuiteRunner.java:355)
at org.testng.SuiteRunner.run(SuiteRunner.java:304)
at org.testng.SuiteRunnerWorker.runSuite(SuiteRunnerWorker.java:53)
at org.testng.SuiteRunnerWorker.run(SuiteRunnerWorker.java:96)
at org.testng.TestNG.runSuitesSequentially(TestNG.java:1180)
at org.testng.TestNG.runSuitesLocally(TestNG.java:1102)
at org.testng.TestNG.runSuites(TestNG.java:1032)
at org.testng.TestNG.run(TestNG.java:1000)
at org.testng.remote.AbstractRemoteTestNG.run(AbstractRemoteTestNG.java:115)
at org.testng.remote.RemoteTestNG.initAndRun(RemoteTestNG.java:251)
at org.testng.remote.RemoteTestNG.main(RemoteTestNG.java:77)
]]>
    </failure>
  </testcase> <!-- @BeforeClass setBaseConfig -->
  <testcase classname="bases.BaseWeb" name="@AfterClass quitDriver" time="-1.5867704358E9">
    <skipped/>
  </testcase> <!-- @AfterClass quitDriver -->
  <testcase classname="TestCases.Voucher" name="J_001_DisplayofPlaylistList" time="0.0">
    <skipped/>
  </testcase> <!-- J_001_DisplayofPlaylistList -->
  <testcase classname="TestCases.Voucher" name="J_002_CreateVoucherManual" time="0.0">
    <skipped/>
  </testcase> <!-- J_002_CreateVoucherManual -->
  <testcase classname="TestCases.Voucher" name="J_003_CreateVoucherAutomatically" time="0.0">
    <skipped/>
  </testcase> <!-- J_003_CreateVoucherAutomatically -->
  <testcase classname="TestCases.Voucher" name="J_004_EditVoucherName" time="0.0">
    <skipped/>
  </testcase> <!-- J_004_EditVoucherName -->
  <testcase classname="TestCases.Voucher" name="J_005_EditVoucherToAddVoucherCodeManually" time="0.0">
    <skipped/>
  </testcase> <!-- J_005_EditVoucherToAddVoucherCodeManually -->
  <testcase classname="TestCases.Voucher" name="J_006_EditVoucherToAddVoucherCodeAutomatically" time="0.0">
    <skipped/>
  </testcase> <!-- J_006_EditVoucherToAddVoucherCodeAutomatically -->
  <testcase classname="TestCases.Voucher" name="J_007_RedeemVoucher" time="0.0">
    <skipped/>
  </testcase> <!-- J_007_RedeemVoucher -->
  <testcase classname="TestCases.Voucher" name="login" time="0.0">
    <skipped/>
  </testcase> <!-- login -->
</testsuite> <!-- Default test -->
