<?xml version="1.0" encoding="UTF-8"?>
<testng-results ignored="59" total="61" passed="2" failed="0" skipped="0">
  <reporter-output>
  </reporter-output>
  <suite started-at="2020-04-06T13:40:37 WIB" name="MySuite" finished-at="2020-04-06T13:40:53 WIB" duration-ms="15185">
    <groups>
    </groups>
    <test started-at="2020-04-06T13:40:37 WIB" name="Regresion test for 1.5.35" finished-at="2020-04-06T13:40:53 WIB" duration-ms="15185">
      <class name="TestCases.Package">
        <test-method is-config="true" signature="setBaseConfig(java.lang.String, java.lang.String)[pri:0, instance:TestCases.Package@72cde7cc]" started-at="2020-04-06T13:40:37 WIB" name="setBaseConfig" finished-at="2020-04-06T13:40:42 WIB" duration-ms="4542" status="PASS">
          <params>
            <param index="0">
              <value>
                <![CDATA[chrome]]>
              </value>
            </param>
            <param index="1">
              <value>
                <![CDATA[true]]>
              </value>
            </param>
          </params>
          <reporter-output>
          </reporter-output>
        </test-method> <!-- setBaseConfig -->
        <test-method signature="login()[pri:0, instance:TestCases.Package@72cde7cc]" started-at="2020-04-06T13:40:42 WIB" name="login" finished-at="2020-04-06T13:40:48 WIB" duration-ms="5842" status="PASS">
          <reporter-output>
          </reporter-output>
        </test-method> <!-- login -->
        <test-method signature="I_003_SelectPackageFromList()[pri:0, instance:TestCases.Package@72cde7cc]" started-at="2020-04-06T13:40:48 WIB" name="I_003_SelectPackageFromList" finished-at="2020-04-06T13:40:52 WIB" duration-ms="4663" status="PASS">
          <reporter-output>
          </reporter-output>
        </test-method> <!-- I_003_SelectPackageFromList -->
        <test-method is-config="true" signature="quitDriver()[pri:0, instance:TestCases.Package@72cde7cc]" started-at="2020-04-06T13:40:52 WIB" name="quitDriver" finished-at="2020-04-06T13:40:53 WIB" duration-ms="92" status="PASS">
          <reporter-output>
          </reporter-output>
        </test-method> <!-- quitDriver -->
      </class> <!-- TestCases.Package -->
      <class name="TestCases.AuthenticationUserSignIn">
        <test-method is-config="true" signature="deleteScreenShot()[pri:0, instance:TestCases.AuthenticationUserSignIn@1eb5174b]" started-at="2020-04-06T13:40:37 WIB" name="deleteScreenShot" finished-at="2020-04-06T13:40:37 WIB" duration-ms="18" status="PASS">
          <reporter-output>
          </reporter-output>
        </test-method> <!-- deleteScreenShot -->
        <test-method is-config="true" signature="settupTestingData()[pri:0, instance:TestCases.AuthenticationUserSignIn@1eb5174b]" started-at="2020-04-06T13:40:37 WIB" name="settupTestingData" finished-at="2020-04-06T13:40:37 WIB" duration-ms="0" status="PASS">
          <reporter-output>
          </reporter-output>
        </test-method> <!-- settupTestingData -->
      </class> <!-- TestCases.AuthenticationUserSignIn -->
    </test> <!-- Regresion test for 1.5.35 -->
  </suite> <!-- MySuite -->
</testng-results>
